<?xml version="1.0" encoding="UTF-8"?>
<testng-results ignored="0" total="2" passed="2" failed="0" skipped="0">
  <reporter-output>
  </reporter-output>
  <suite started-at="2023-10-26T02:11:24Z" name="smoke test" finished-at="2023-10-26T02:11:24Z" duration-ms="440">
    <groups>
      <group name="cucumber">
        <method signature="AbstractTestNGCucumberTests.runScenario(io.cucumber.testng.PickleWrapper, io.cucumber.testng.FeatureWrapper)[pri:0, instance:runners.smoketest@3b7d3a38]" name="runScenario" class="io.cucumber.testng.AbstractTestNGCucumberTests"/>
      </group> <!-- cucumber -->
    </groups>
    <test started-at="2023-10-26T02:11:24Z" name="smoke test" finished-at="2023-10-26T02:11:24Z" duration-ms="440">
      <class name="runners.smoketest">
        <test-method is-config="true" signature="setUpClass(org.testng.ITestContext)[pri:0, instance:runners.smoketest@3b7d3a38]" started-at="2023-10-26T02:11:24Z" name="setUpClass" finished-at="2023-10-26T02:11:24Z" duration-ms="290" status="PASS">
          <params>
            <param index="0">
              <value>
                <![CDATA[org.testng.TestRunner@1a2e2935]]>
              </value>
            </param>
          </params>
          <reporter-output>
          </reporter-output>
        </test-method> <!-- setUpClass -->
        <test-method signature="runScenario(io.cucumber.testng.PickleWrapper, io.cucumber.testng.FeatureWrapper)[pri:0, instance:runners.smoketest@3b7d3a38]" started-at="2023-10-26T02:11:24Z" name="runScenario" description="Runs Cucumber Scenarios" data-provider="scenarios" finished-at="2023-10-26T02:11:24Z" duration-ms="120" status="PASS">
          <params>
            <param index="0">
              <value>
                <![CDATA["Price of Toyota Camry2024"]]>
              </value>
            </param>
            <param index="1">
              <value>
                <![CDATA["Checking price of Toyota Camry2024"]]>
              </value>
            </param>
          </params>
          <reporter-output>
          </reporter-output>
        </test-method> <!-- runScenario -->
        <test-method signature="runScenario(io.cucumber.testng.PickleWrapper, io.cucumber.testng.FeatureWrapper)[pri:0, instance:runners.smoketest@3b7d3a38]" started-at="2023-10-26T02:11:24Z" name="runScenario" description="Runs Cucumber Scenarios" data-provider="scenarios" finished-at="2023-10-26T02:11:24Z" duration-ms="7" status="PASS">
          <params>
            <param index="0">
              <value>
                <![CDATA["Searching laptops on BestBuy"]]>
              </value>
            </param>
            <param index="1">
              <value>
                <![CDATA["Searching laptops"]]>
              </value>
            </param>
          </params>
          <reporter-output>
          </reporter-output>
        </test-method> <!-- runScenario -->
        <test-method is-config="true" signature="tearDownClass()[pri:0, instance:runners.smoketest@3b7d3a38]" started-at="2023-10-26T02:11:24Z" name="tearDownClass" finished-at="2023-10-26T02:11:24Z" duration-ms="3" status="PASS">
          <reporter-output>
          </reporter-output>
        </test-method> <!-- tearDownClass -->
      </class> <!-- runners.smoketest -->
    </test> <!-- smoke test -->
  </suite> <!-- smoke test -->
</testng-results>
